<?xml version="1.0" encoding="UTF-8"?>
<testng-results ignored="0" total="1" passed="1" failed="0" skipped="0">
  <reporter-output>
  </reporter-output>
  <suite started-at="2023-03-22T12:03:26 IST" name="Default suite" finished-at="2023-03-22T12:03:45 IST" duration-ms="18637">
    <groups>
    </groups>
    <test started-at="2023-03-22T12:03:26 IST" name="Default test" finished-at="2023-03-22T12:03:45 IST" duration-ms="18637">
      <class name="windowswitching.Guru99tabswitching">
        <test-method is-config="true" signature="setup()[pri:0, instance:windowswitching.Guru99tabswitching@73e9cf30]" started-at="2023-03-22T12:03:26 IST" name="setup" finished-at="2023-03-22T12:03:38 IST" duration-ms="12365" status="PASS">
          <reporter-output>
          </reporter-output>
        </test-method> <!-- setup -->
        <test-method is-config="true" signature="urlloading()[pri:0, instance:windowswitching.Guru99tabswitching@73e9cf30]" started-at="2023-03-22T12:03:39 IST" name="urlloading" finished-at="2023-03-22T12:03:44 IST" duration-ms="5884" status="PASS">
          <reporter-output>
          </reporter-output>
        </test-method> <!-- urlloading -->
        <test-method signature="test1()[pri:0, instance:windowswitching.Guru99tabswitching@73e9cf30]" started-at="2023-03-22T12:03:44 IST" name="test1" finished-at="2023-03-22T12:03:45 IST" duration-ms="303" status="PASS">
          <reporter-output>
          </reporter-output>
        </test-method> <!-- test1 -->
      </class> <!-- windowswitching.Guru99tabswitching -->
    </test> <!-- Default test -->
  </suite> <!-- Default suite -->
</testng-results>
